  concatenatedStrings.cpp
C:\Users\irina\Desktop\Программа конкатенации строкЗадание\Программа конкатенации строкЗадание\concatenatedStrings\concatenatedStrings.cpp(14,5): error C4235: использовано нестандартное расширение: ключевое слово "__asm" данной архитектурой не поддерживается
C:\Users\irina\Desktop\Программа конкатенации строкЗадание\Программа конкатенации строкЗадание\concatenatedStrings\concatenatedStrings.cpp(16,9): error C2065: lea: необъявленный идентификатор
C:\Users\irina\Desktop\Программа конкатенации строкЗадание\Программа конкатенации строкЗадание\concatenatedStrings\concatenatedStrings.cpp(16,13): error C2146: синтаксическая ошибка: отсутствие ";" перед идентификатором "ebx"
C:\Users\irina\Desktop\Программа конкатенации строкЗадание\Программа конкатенации строкЗадание\concatenatedStrings\concatenatedStrings.cpp(16,13): error C2065: ebx: необъявленный идентификатор
C:\Users\irina\Desktop\Программа конкатенации строкЗадание\Программа конкатенации строкЗадание\concatenatedStrings\concatenatedStrings.cpp(17,9): error C2146: синтаксическая ошибка: отсутствие ";" перед идентификатором "push"
C:\Users\irina\Desktop\Программа конкатенации строкЗадание\Программа конкатенации строкЗадание\concatenatedStrings\concatenatedStrings.cpp(17,9): error C2065: push: необъявленный идентификатор
C:\Users\irina\Desktop\Программа конкатенации строкЗадание\Программа конкатенации строкЗадание\concatenatedStrings\concatenatedStrings.cpp(17,14): error C2146: синтаксическая ошибка: отсутствие ";" перед идентификатором "ebx"
C:\Users\irina\Desktop\Программа конкатенации строкЗадание\Программа конкатенации строкЗадание\concatenatedStrings\concatenatedStrings.cpp(17,14): error C2065: ebx: необъявленный идентификатор
C:\Users\irina\Desktop\Программа конкатенации строкЗадание\Программа конкатенации строкЗадание\concatenatedStrings\concatenatedStrings.cpp(18,9): error C2146: синтаксическая ошибка: отсутствие ";" перед идентификатором "lea"
C:\Users\irina\Desktop\Программа конкатенации строкЗадание\Программа конкатенации строкЗадание\concatenatedStrings\concatenatedStrings.cpp(18,9): error C2065: lea: необъявленный идентификатор
C:\Users\irina\Desktop\Программа конкатенации строкЗадание\Программа конкатенации строкЗадание\concatenatedStrings\concatenatedStrings.cpp(18,13): error C2146: синтаксическая ошибка: отсутствие ";" перед идентификатором "ecx"
C:\Users\irina\Desktop\Программа конкатенации строкЗадание\Программа конкатенации строкЗадание\concatenatedStrings\concatenatedStrings.cpp(18,13): error C2065: ecx: необъявленный идентификатор
C:\Users\irina\Desktop\Программа конкатенации строкЗадание\Программа конкатенации строкЗадание\concatenatedStrings\concatenatedStrings.cpp(19,9): error C2146: синтаксическая ошибка: отсутствие ";" перед идентификатором "push"
C:\Users\irina\Desktop\Программа конкатенации строкЗадание\Программа конкатенации строкЗадание\concatenatedStrings\concatenatedStrings.cpp(19,9): error C2065: push: необъявленный идентификатор
C:\Users\irina\Desktop\Программа конкатенации строкЗадание\Программа конкатенации строкЗадание\concatenatedStrings\concatenatedStrings.cpp(19,14): error C2146: синтаксическая ошибка: отсутствие ";" перед идентификатором "ecx"
C:\Users\irina\Desktop\Программа конкатенации строкЗадание\Программа конкатенации строкЗадание\concatenatedStrings\concatenatedStrings.cpp(19,14): error C2065: ecx: необъявленный идентификатор
C:\Users\irina\Desktop\Программа конкатенации строкЗадание\Программа конкатенации строкЗадание\concatenatedStrings\concatenatedStrings.cpp(20,9): error C2146: синтаксическая ошибка: отсутствие ";" перед идентификатором "call"
C:\Users\irina\Desktop\Программа конкатенации строкЗадание\Программа конкатенации строкЗадание\concatenatedStrings\concatenatedStrings.cpp(20,9): error C2065: call: необъявленный идентификатор
C:\Users\irina\Desktop\Программа конкатенации строкЗадание\Программа конкатенации строкЗадание\concatenatedStrings\concatenatedStrings.cpp(20,14): error C2146: синтаксическая ошибка: отсутствие ";" перед идентификатором "scanf"
C:\Users\irina\Desktop\Программа конкатенации строкЗадание\Программа конкатенации строкЗадание\concatenatedStrings\concatenatedStrings.cpp(21,9): error C2146: синтаксическая ошибка: отсутствие ";" перед идентификатором "add"
C:\Users\irina\Desktop\Программа конкатенации строкЗадание\Программа конкатенации строкЗадание\concatenatedStrings\concatenatedStrings.cpp(20,14): warning C4551: в вызове функции отсутствует список аргументов
C:\Users\irina\Desktop\Программа конкатенации строкЗадание\Программа конкатенации строкЗадание\concatenatedStrings\concatenatedStrings.cpp(21,9): error C2065: add: необъявленный идентификатор
C:\Users\irina\Desktop\Программа конкатенации строкЗадание\Программа конкатенации строкЗадание\concatenatedStrings\concatenatedStrings.cpp(21,13): error C2146: синтаксическая ошибка: отсутствие ";" перед идентификатором "esp"
C:\Users\irina\Desktop\Программа конкатенации строкЗадание\Программа конкатенации строкЗадание\concatenatedStrings\concatenatedStrings.cpp(21,13): error C2065: esp: необъявленный идентификатор
C:\Users\irina\Desktop\Программа конкатенации строкЗадание\Программа конкатенации строкЗадание\concatenatedStrings\concatenatedStrings.cpp(23,9): error C2146: синтаксическая ошибка: отсутствие ";" перед идентификатором "lea"
C:\Users\irina\Desktop\Программа конкатенации строкЗадание\Программа конкатенации строкЗадание\concatenatedStrings\concatenatedStrings.cpp(23,9): error C2065: lea: необъявленный идентификатор
C:\Users\irina\Desktop\Программа конкатенации строкЗадание\Программа конкатенации строкЗадание\concatenatedStrings\concatenatedStrings.cpp(23,13): error C2146: синтаксическая ошибка: отсутствие ";" перед идентификатором "ebx"
C:\Users\irina\Desktop\Программа конкатенации строкЗадание\Программа конкатенации строкЗадание\concatenatedStrings\concatenatedStrings.cpp(23,13): error C2065: ebx: необъявленный идентификатор
C:\Users\irina\Desktop\Программа конкатенации строкЗадание\Программа конкатенации строкЗадание\concatenatedStrings\concatenatedStrings.cpp(24,9): error C2146: синтаксическая ошибка: отсутствие ";" перед идентификатором "push"
C:\Users\irina\Desktop\Программа конкатенации строкЗадание\Программа конкатенации строкЗадание\concatenatedStrings\concatenatedStrings.cpp(24,9): error C2065: push: необъявленный идентификатор
C:\Users\irina\Desktop\Программа конкатенации строкЗадание\Программа конкатенации строкЗадание\concatenatedStrings\concatenatedStrings.cpp(24,14): error C2146: синтаксическая ошибка: отсутствие ";" перед идентификатором "ebx"
C:\Users\irina\Desktop\Программа конкатенации строкЗадание\Программа конкатенации строкЗадание\concatenatedStrings\concatenatedStrings.cpp(24,14): error C2065: ebx: необъявленный идентификатор
C:\Users\irina\Desktop\Программа конкатенации строкЗадание\Программа конкатенации строкЗадание\concatenatedStrings\concatenatedStrings.cpp(25,9): error C2146: синтаксическая ошибка: отсутствие ";" перед идентификатором "lea"
C:\Users\irina\Desktop\Программа конкатенации строкЗадание\Программа конкатенации строкЗадание\concatenatedStrings\concatenatedStrings.cpp(25,9): error C2065: lea: необъявленный идентификатор
C:\Users\irina\Desktop\Программа конкатенации строкЗадание\Программа конкатенации строкЗадание\concatenatedStrings\concatenatedStrings.cpp(25,13): error C2146: синтаксическая ошибка: отсутствие ";" перед идентификатором "ecx"
C:\Users\irina\Desktop\Программа конкатенации строкЗадание\Программа конкатенации строкЗадание\concatenatedStrings\concatenatedStrings.cpp(25,13): error C2065: ecx: необъявленный идентификатор
C:\Users\irina\Desktop\Программа конкатенации строкЗадание\Программа конкатенации строкЗадание\concatenatedStrings\concatenatedStrings.cpp(26,9): error C2146: синтаксическая ошибка: отсутствие ";" перед идентификатором "push"
C:\Users\irina\Desktop\Программа конкатенации строкЗадание\Программа конкатенации строкЗадание\concatenatedStrings\concatenatedStrings.cpp(26,9): error C2065: push: необъявленный идентификатор
C:\Users\irina\Desktop\Программа конкатенации строкЗадание\Программа конкатенации строкЗадание\concatenatedStrings\concatenatedStrings.cpp(26,14): error C2146: синтаксическая ошибка: отсутствие ";" перед идентификатором "ecx"
C:\Users\irina\Desktop\Программа конкатенации строкЗадание\Программа конкатенации строкЗадание\concatenatedStrings\concatenatedStrings.cpp(26,14): error C2065: ecx: необъявленный идентификатор
C:\Users\irina\Desktop\Программа конкатенации строкЗадание\Программа конкатенации строкЗадание\concatenatedStrings\concatenatedStrings.cpp(27,9): error C2146: синтаксическая ошибка: отсутствие ";" перед идентификатором "call"
C:\Users\irina\Desktop\Программа конкатенации строкЗадание\Программа конкатенации строкЗадание\concatenatedStrings\concatenatedStrings.cpp(27,9): error C2065: call: необъявленный идентификатор
C:\Users\irina\Desktop\Программа конкатенации строкЗадание\Программа конкатенации строкЗадание\concatenatedStrings\concatenatedStrings.cpp(27,14): error C2146: синтаксическая ошибка: отсутствие ";" перед идентификатором "scanf"
C:\Users\irina\Desktop\Программа конкатенации строкЗадание\Программа конкатенации строкЗадание\concatenatedStrings\concatenatedStrings.cpp(28,9): error C2146: синтаксическая ошибка: отсутствие ";" перед идентификатором "add"
C:\Users\irina\Desktop\Программа конкатенации строкЗадание\Программа конкатенации строкЗадание\concatenatedStrings\concatenatedStrings.cpp(27,14): warning C4551: в вызове функции отсутствует список аргументов
C:\Users\irina\Desktop\Программа конкатенации строкЗадание\Программа конкатенации строкЗадание\concatenatedStrings\concatenatedStrings.cpp(28,9): error C2065: add: необъявленный идентификатор
C:\Users\irina\Desktop\Программа конкатенации строкЗадание\Программа конкатенации строкЗадание\concatenatedStrings\concatenatedStrings.cpp(28,13): error C2146: синтаксическая ошибка: отсутствие ";" перед идентификатором "esp"
C:\Users\irina\Desktop\Программа конкатенации строкЗадание\Программа конкатенации строкЗадание\concatenatedStrings\concatenatedStrings.cpp(28,13): error C2065: esp: необъявленный идентификатор
C:\Users\irina\Desktop\Программа конкатенации строкЗадание\Программа конкатенации строкЗадание\concatenatedStrings\concatenatedStrings.cpp(30,9): error C2146: синтаксическая ошибка: отсутствие ";" перед идентификатором "lea"
C:\Users\irina\Desktop\Программа конкатенации строкЗадание\Программа конкатенации строкЗадание\concatenatedStrings\concatenatedStrings.cpp(30,9): error C2065: lea: необъявленный идентификатор
C:\Users\irina\Desktop\Программа конкатенации строкЗадание\Программа конкатенации строкЗадание\concatenatedStrings\concatenatedStrings.cpp(30,13): error C2146: синтаксическая ошибка: отсутствие ";" перед идентификатором "ebx"
C:\Users\irina\Desktop\Программа конкатенации строкЗадание\Программа конкатенации строкЗадание\concatenatedStrings\concatenatedStrings.cpp(30,13): error C2065: ebx: необъявленный идентификатор
C:\Users\irina\Desktop\Программа конкатенации строкЗадание\Программа конкатенации строкЗадание\concatenatedStrings\concatenatedStrings.cpp(31,9): error C2146: синтаксическая ошибка: отсутствие ";" перед идентификатором "mov"
C:\Users\irina\Desktop\Программа конкатенации строкЗадание\Программа конкатенации строкЗадание\concatenatedStrings\concatenatedStrings.cpp(31,9): error C2065: mov: необъявленный идентификатор
C:\Users\irina\Desktop\Программа конкатенации строкЗадание\Программа конкатенации строкЗадание\concatenatedStrings\concatenatedStrings.cpp(31,13): error C2146: синтаксическая ошибка: отсутствие ";" перед идентификатором "ecx"
C:\Users\irina\Desktop\Программа конкатенации строкЗадание\Программа конкатенации строкЗадание\concatenatedStrings\concatenatedStrings.cpp(31,13): error C2065: ecx: необъявленный идентификатор
C:\Users\irina\Desktop\Программа конкатенации строкЗадание\Программа конкатенации строкЗадание\concatenatedStrings\concatenatedStrings.cpp(32,9): error C2146: синтаксическая ошибка: отсутствие ";" перед идентификатором "dec"
C:\Users\irina\Desktop\Программа конкатенации строкЗадание\Программа конкатенации строкЗадание\concatenatedStrings\concatenatedStrings.cpp(32,9): error C2065: dec: необъявленный идентификатор
C:\Users\irina\Desktop\Программа конкатенации строкЗадание\Программа конкатенации строкЗадание\concatenatedStrings\concatenatedStrings.cpp(32,13): error C2146: синтаксическая ошибка: отсутствие ";" перед идентификатором "ebx"
C:\Users\irina\Desktop\Программа конкатенации строкЗадание\Программа конкатенации строкЗадание\concatenatedStrings\concatenatedStrings.cpp(32,13): error C2065: ebx: необъявленный идентификатор
C:\Users\irina\Desktop\Программа конкатенации строкЗадание\Программа конкатенации строкЗадание\concatenatedStrings\concatenatedStrings.cpp(33,9): error C2146: синтаксическая ошибка: отсутствие ";" перед идентификатором "lea"
C:\Users\irina\Desktop\Программа конкатенации строкЗадание\Программа конкатенации строкЗадание\concatenatedStrings\concatenatedStrings.cpp(33,9): error C2065: lea: необъявленный идентификатор
C:\Users\irina\Desktop\Программа конкатенации строкЗадание\Программа конкатенации строкЗадание\concatenatedStrings\concatenatedStrings.cpp(33,13): error C2146: синтаксическая ошибка: отсутствие ";" перед идентификатором "edx"
C:\Users\irina\Desktop\Программа конкатенации строкЗадание\Программа конкатенации строкЗадание\concatenatedStrings\concatenatedStrings.cpp(33,13): error C2065: edx: необъявленный идентификатор
C:\Users\irina\Desktop\Программа конкатенации строкЗадание\Программа конкатенации строкЗадание\concatenatedStrings\concatenatedStrings.cpp(34,9): error C2146: синтаксическая ошибка: отсутствие ";" перед идентификатором "dec"
C:\Users\irina\Desktop\Программа конкатенации строкЗадание\Программа конкатенации строкЗадание\concatenatedStrings\concatenatedStrings.cpp(34,9): error C2065: dec: необъявленный идентификатор
C:\Users\irina\Desktop\Программа конкатенации строкЗадание\Программа конкатенации строкЗадание\concatenatedStrings\concatenatedStrings.cpp(34,13): error C2146: синтаксическая ошибка: отсутствие ";" перед идентификатором "edx"
C:\Users\irina\Desktop\Программа конкатенации строкЗадание\Программа конкатенации строкЗадание\concatenatedStrings\concatenatedStrings.cpp(34,13): error C2065: edx: необъявленный идентификатор
C:\Users\irina\Desktop\Программа конкатенации строкЗадание\Программа конкатенации строкЗадание\concatenatedStrings\concatenatedStrings.cpp(36,9): error C2146: синтаксическая ошибка: отсутствие ";" перед идентификатором "b1"
C:\Users\irina\Desktop\Программа конкатенации строкЗадание\Программа конкатенации строкЗадание\concatenatedStrings\concatenatedStrings.cpp(37,13): error C2065: inc: необъявленный идентификатор
C:\Users\irina\Desktop\Программа конкатенации строкЗадание\Программа конкатенации строкЗадание\concatenatedStrings\concatenatedStrings.cpp(37,17): error C2146: синтаксическая ошибка: отсутствие ";" перед идентификатором "ecx"
C:\Users\irina\Desktop\Программа конкатенации строкЗадание\Программа конкатенации строкЗадание\concatenatedStrings\concatenatedStrings.cpp(37,17): error C2065: ecx: необъявленный идентификатор
C:\Users\irina\Desktop\Программа конкатенации строкЗадание\Программа конкатенации строкЗадание\concatenatedStrings\concatenatedStrings.cpp(38,13): error C2146: синтаксическая ошибка: отсутствие ";" перед идентификатором "inc"
C:\Users\irina\Desktop\Программа конкатенации строкЗадание\Программа конкатенации строкЗадание\concatenatedStrings\concatenatedStrings.cpp(38,13): error C2065: inc: необъявленный идентификатор
C:\Users\irina\Desktop\Программа конкатенации строкЗадание\Программа конкатенации строкЗадание\concatenatedStrings\concatenatedStrings.cpp(38,17): error C2146: синтаксическая ошибка: отсутствие ";" перед идентификатором "ebx"
C:\Users\irina\Desktop\Программа конкатенации строкЗадание\Программа конкатенации строкЗадание\concatenatedStrings\concatenatedStrings.cpp(38,17): error C2065: ebx: необъявленный идентификатор
C:\Users\irina\Desktop\Программа конкатенации строкЗадание\Программа конкатенации строкЗадание\concatenatedStrings\concatenatedStrings.cpp(39,13): error C2146: синтаксическая ошибка: отсутствие ";" перед идентификатором "inc"
C:\Users\irina\Desktop\Программа конкатенации строкЗадание\Программа конкатенации строкЗадание\concatenatedStrings\concatenatedStrings.cpp(39,13): error C2065: inc: необъявленный идентификатор
C:\Users\irina\Desktop\Программа конкатенации строкЗадание\Программа конкатенации строкЗадание\concatenatedStrings\concatenatedStrings.cpp(39,17): error C2146: синтаксическая ошибка: отсутствие ";" перед идентификатором "edx"
C:\Users\irina\Desktop\Программа конкатенации строкЗадание\Программа конкатенации строкЗадание\concatenatedStrings\concatenatedStrings.cpp(39,17): error C2065: edx: необъявленный идентификатор
C:\Users\irina\Desktop\Программа конкатенации строкЗадание\Программа конкатенации строкЗадание\concatenatedStrings\concatenatedStrings.cpp(40,13): error C2146: синтаксическая ошибка: отсутствие ";" перед идентификатором "mov"
C:\Users\irina\Desktop\Программа конкатенации строкЗадание\Программа конкатенации строкЗадание\concatenatedStrings\concatenatedStrings.cpp(40,13): error C2065: mov: необъявленный идентификатор
C:\Users\irina\Desktop\Программа конкатенации строкЗадание\Программа конкатенации строкЗадание\concatenatedStrings\concatenatedStrings.cpp(40,17): error C2146: синтаксическая ошибка: отсутствие ";" перед идентификатором "al"
C:\Users\irina\Desktop\Программа конкатенации строкЗадание\Программа конкатенации строкЗадание\concatenatedStrings\concatenatedStrings.cpp(40,17): error C2065: al: необъявленный идентификатор
C:\Users\irina\Desktop\Программа конкатенации строкЗадание\Программа конкатенации строкЗадание\concatenatedStrings\concatenatedStrings.cpp(40,25): error C3481: ebx: передаваемая переменная в лямбда-выражении не найдена
C:\Users\irina\Desktop\Программа конкатенации строкЗадание\Программа конкатенации строкЗадание\concatenatedStrings\concatenatedStrings.cpp(41,17): error C3260: "идентификатор": пропускаются непредвиденные токены перед телом лямбда-функции
C:\Users\irina\Desktop\Программа конкатенации строкЗадание\Программа конкатенации строкЗадание\concatenatedStrings\concatenatedStrings.cpp(79,1): fatal error C1903: не удается восстановить после предыдущих ошибок; остановка компиляции
